Start testing: Sep 07 21:41 GMT Daylight Time
----------------------------------------------------------
1/97 Testing: v8_cli
1/97 Test: v8_cli
Command: "C:/work/research/gitlab/passwords/lmcrack/build-avx2/lmcrack.exe" "7584248B8D2C9F9E" "-v8" "-s" "A" "-e" "A" "-t" "1"
Directory: C:/work/research/gitlab/passwords/lmcrack/build-avx2
"v8_cli" start time: Sep 07 21:41 GMT Daylight Time
Output:
----------------------------------------------------------
  [ start pwd   : "A"
  [ end pwd     : "A"
  [ alphabet    : "ABCDEFGHIJKLMNOPQRSTUVWXYZ"
  [ total pwd   : 1
  [ thread cbn  : 1
  [ thread cnt  : 1

  [ version 8

  [ found password : A

<end of output>
Test time =   0.01 sec
----------------------------------------------------------
Test Pass Reason:
Required regular expression found. Regex=[found password : A]
"v8_cli" end time: Sep 07 21:41 GMT Daylight Time
"v8_cli" time elapsed: 00:00:00
----------------------------------------------------------

2/97 Testing: v8_cli_normalized_alphabet
2/97 Test: v8_cli_normalized_alphabet
Command: "C:/work/research/gitlab/passwords/lmcrack/build-avx2/lmcrack.exe" "7584248B8D2C9F9E" "-v8" "-c" "zyxwvutsrqponmlkjihgfedcba" "-s" "A" "-e" "A" "-t" "1"
Directory: C:/work/research/gitlab/passwords/lmcrack/build-avx2
"v8_cli_normalized_alphabet" start time: Sep 07 21:41 GMT Daylight Time
Output:
----------------------------------------------------------
  [ start pwd   : "A"
  [ end pwd     : "A"
  [ alphabet    : "ABCDEFGHIJKLMNOPQRSTUVWXYZ"
  [ total pwd   : 1
  [ thread cbn  : 1
  [ thread cnt  : 1

  [ version 8

  [ found password : A

<end of output>
Test time =   0.01 sec
----------------------------------------------------------
Test Pass Reason:
Required regular expression found. Regex=[found password : A]
"v8_cli_normalized_alphabet" end time: Sep 07 21:41 GMT Daylight Time
"v8_cli_normalized_alphabet" time elapsed: 00:00:00
----------------------------------------------------------

3/97 Testing: v8_cli_reject_alphabet
3/97 Test: v8_cli_reject_alphabet
Command: "C:/work/research/gitlab/passwords/lmcrack/build-avx2/lmcrack.exe" "7584248B8D2C9F9E" "-v8" "-c" "ABC" "-s" "A" "-e" "A" "-t" "1"
Directory: C:/work/research/gitlab/passwords/lmcrack/build-avx2
"v8_cli_reject_alphabet" start time: Sep 07 21:41 GMT Daylight Time
Output:
----------------------------------------------------------
  [ version 8 requires alphabet "ABCDEFGHIJKLMNOPQRSTUVWXYZ"; got "ABC"
<end of output>
Test time =   0.01 sec
----------------------------------------------------------
Test Passed.
"v8_cli_reject_alphabet" end time: Sep 07 21:41 GMT Daylight Time
"v8_cli_reject_alphabet" time elapsed: 00:00:00
----------------------------------------------------------

4/97 Testing: v9_cli
4/97 Test: v9_cli
Command: "C:/work/research/gitlab/passwords/lmcrack/build-avx2/lmcrack.exe" "25AD3B83FA6627C7" "-v9" "-s" "0" "-e" "0" "-t" "1"
Directory: C:/work/research/gitlab/passwords/lmcrack/build-avx2
"v9_cli" start time: Sep 07 21:41 GMT Daylight Time
Output:
----------------------------------------------------------
  [ start pwd   : "0"
  [ end pwd     : "0"
  [ alphabet    : "0123456789ABCDEFGHIJKLMNOPQRSTUVWXYZ"
  [ total pwd   : 1
  [ thread cbn  : 1
  [ thread cnt  : 1

  [ version 9

  [ found password : 0

<end of output>
Test time =   0.01 sec
----------------------------------------------------------
Test Pass Reason:
Required regular expression found. Regex=[found password : 0]
"v9_cli" end time: Sep 07 21:41 GMT Daylight Time
"v9_cli" time elapsed: 00:00:00
----------------------------------------------------------

5/97 Testing: v9_cli_normalized_alphabet
5/97 Test: v9_cli_normalized_alphabet
Command: "C:/work/research/gitlab/passwords/lmcrack/build-avx2/lmcrack.exe" "25AD3B83FA6627C7" "-v9" "-c" "zyxwvutsrqponmlkjihgfedcba9876543210" "-s" "0" "-e" "0" "-t" "1"
Directory: C:/work/research/gitlab/passwords/lmcrack/build-avx2
"v9_cli_normalized_alphabet" start time: Sep 07 21:41 GMT Daylight Time
Output:
----------------------------------------------------------
  [ start pwd   : "0"
  [ end pwd     : "0"
  [ alphabet    : "0123456789ABCDEFGHIJKLMNOPQRSTUVWXYZ"
  [ total pwd   : 1
  [ thread cbn  : 1
  [ thread cnt  : 1

  [ version 9
  [ 0.00M k/s 100% complete. ETA: 0 days 00 hours 00 minutes 00 seconds
  [ found password : 0

<end of output>
Test time =   0.01 sec
----------------------------------------------------------
Test Pass Reason:
Required regular expression found. Regex=[found password : 0]
"v9_cli_normalized_alphabet" end time: Sep 07 21:41 GMT Daylight Time
"v9_cli_normalized_alphabet" time elapsed: 00:00:00
----------------------------------------------------------

6/97 Testing: v9_cli_reject_alphabet
6/97 Test: v9_cli_reject_alphabet
Command: "C:/work/research/gitlab/passwords/lmcrack/build-avx2/lmcrack.exe" "25AD3B83FA6627C7" "-v9" "-c" "ABCDEFGHIJKLMNOPQRSTUVWXYZ" "-s" "A" "-e" "A" "-t" "1"
Directory: C:/work/research/gitlab/passwords/lmcrack/build-avx2
"v9_cli_reject_alphabet" start time: Sep 07 21:41 GMT Daylight Time
Output:
----------------------------------------------------------
  [ version 9 requires alphabet "0123456789ABCDEFGHIJKLMNOPQRSTUVWXYZ"; got "ABCDEFGHIJKLMNOPQRSTUVWXYZ"
<end of output>
Test time =   0.01 sec
----------------------------------------------------------
Test Passed.
"v9_cli_reject_alphabet" end time: Sep 07 21:41 GMT Daylight Time
"v9_cli_reject_alphabet" time elapsed: 00:00:00
----------------------------------------------------------

7/97 Testing: v9_cli_differential
7/97 Test: v9_cli_differential
Command: "C:/Strawberry/c/bin/cmake.exe" "-DLMCRACK_EXE=C:/work/research/gitlab/passwords/lmcrack/build-avx2/lmcrack.exe" "-P" "C:/work/research/gitlab/passwords/lmcrack/tests/integration/v9_cli_differential.cmake"
Directory: C:/work/research/gitlab/passwords/lmcrack/build-avx2
"v9_cli_differential" start time: Sep 07 21:41 GMT Daylight Time
Output:
----------------------------------------------------------
<end of output>
Test time =   0.21 sec
----------------------------------------------------------
Test Passed.
"v9_cli_differential" end time: Sep 07 21:41 GMT Daylight Time
"v9_cli_differential" time elapsed: 00:00:00
----------------------------------------------------------

8/97 Testing: v11_cli
8/97 Test: v11_cli
Command: "C:/work/research/gitlab/passwords/lmcrack/build-avx2/lmcrack.exe" "695109AB020E401C" "-v11" "-s" "!" "-e" "!" "-t" "1"
Directory: C:/work/research/gitlab/passwords/lmcrack/build-avx2
"v11_cli" start time: Sep 07 21:41 GMT Daylight Time
Output:
----------------------------------------------------------
  [ start pwd   : "!"
  [ end pwd     : "!"
  [ alphabet    : "0123456789ABCDEFGHIJKLMNOPQRSTUVWXYZ !"#$%&'()*+,-./:;<=>?@[\]^_`{|}~"
  [ total pwd   : 1
  [ thread cbn  : 1
  [ thread cnt  : 1

  [ version 11
  [ 0.00M k/s 100% complete. ETA: 0 days 00 hours 00 minutes 00 seconds
  [ found password : !

<end of output>
Test time =   0.01 sec
----------------------------------------------------------
Test Pass Reason:
Required regular expression found. Regex=[found password : !]
"v11_cli" end time: Sep 07 21:41 GMT Daylight Time
"v11_cli" time elapsed: 00:00:00
----------------------------------------------------------

9/97 Testing: destool_cli_integration
9/97 Test: destool_cli_integration
Command: "C:/Strawberry/c/bin/cmake.exe" "-DDESTOOL_EXE=C:/work/research/gitlab/passwords/lmcrack/build-avx2/destool.exe" "-P" "C:/work/research/gitlab/passwords/lmcrack/tests/integration/destool_cli.cmake"
Directory: C:/work/research/gitlab/passwords/lmcrack/build-avx2
"destool_cli_integration" start time: Sep 07 21:41 GMT Daylight Time
Output:
----------------------------------------------------------
<end of output>
Test time =   0.17 sec
----------------------------------------------------------
Test Passed.
"destool_cli_integration" end time: Sep 07 21:41 GMT Daylight Time
"destool_cli_integration" time elapsed: 00:00:00
----------------------------------------------------------

10/97 Testing: destool_benchmark_smoke
10/97 Test: destool_benchmark_smoke
Command: "C:/work/research/gitlab/passwords/lmcrack/build-avx2/destool_benchmark.exe" "-d" "1" "-w" "0" "-t" "1" "-a" "5" "-l" "3"
Directory: C:/work/research/gitlab/passwords/lmcrack/build-avx2
"destool_benchmark_smoke" start time: Sep 07 21:41 GMT Daylight Time
Output:
----------------------------------------------------------
backend=AVX2 lanes=256 alphabet=5(0-9,A-Z) length=3 threads=1 warmup=0s duration=1s
result: candidates=122947520 elapsed=1.000s rate=122.92 M/s checksum=0
<end of output>
Test time =   1.02 sec
----------------------------------------------------------
Test Pass Reason:
Required regular expression found. Regex=[result: candidates=[1-9][0-9]*.*rate=[0-9]+]
"destool_benchmark_smoke" end time: Sep 07 21:41 GMT Daylight Time
"destool_benchmark_smoke" time elapsed: 00:00:01
----------------------------------------------------------

11/97 Testing: v8_uppercase
11/97 Test: v8_uppercase
Command: "C:/work/research/gitlab/passwords/lmcrack/build-avx2/v8_uppercase_test.exe"
Directory: C:/work/research/gitlab/passwords/lmcrack/build-avx2
"v8_uppercase" start time: Sep 07 21:41 GMT Daylight Time
Output:
----------------------------------------------------------
<end of output>
Test time =   0.01 sec
----------------------------------------------------------
Test Passed.
"v8_uppercase" end time: Sep 07 21:41 GMT Daylight Time
"v8_uppercase" time elapsed: 00:00:00
----------------------------------------------------------

12/97 Testing: v9_alnum
12/97 Test: v9_alnum
Command: "C:/work/research/gitlab/passwords/lmcrack/build-avx2/v9_alnum_test.exe"
Directory: C:/work/research/gitlab/passwords/lmcrack/build-avx2
"v9_alnum" start time: Sep 07 21:41 GMT Daylight Time
Output:
----------------------------------------------------------
<end of output>
Test time =   0.01 sec
----------------------------------------------------------
Test Passed.
"v9_alnum" end time: Sep 07 21:41 GMT Daylight Time
"v9_alnum" time elapsed: 00:00:00
----------------------------------------------------------

13/97 Testing: v9_bitslice_counter
13/97 Test: v9_bitslice_counter
Command: "C:/work/research/gitlab/passwords/lmcrack/build-avx2/v9_bitslice_counter_test.exe"
Directory: C:/work/research/gitlab/passwords/lmcrack/build-avx2
"v9_bitslice_counter" start time: Sep 07 21:41 GMT Daylight Time
Output:
----------------------------------------------------------
<end of output>
Test time =   0.02 sec
----------------------------------------------------------
Test Passed.
"v9_bitslice_counter" end time: Sep 07 21:41 GMT Daylight Time
"v9_bitslice_counter" time elapsed: 00:00:00
----------------------------------------------------------

14/97 Testing: v9_key_planes
14/97 Test: v9_key_planes
Command: "C:/work/research/gitlab/passwords/lmcrack/build-avx2/v9_key_planes_test.exe"
Directory: C:/work/research/gitlab/passwords/lmcrack/build-avx2
"v9_key_planes" start time: Sep 07 21:41 GMT Daylight Time
Output:
----------------------------------------------------------
<end of output>
Test time =   0.02 sec
----------------------------------------------------------
Test Passed.
"v9_key_planes" end time: Sep 07 21:41 GMT Daylight Time
"v9_key_planes" time elapsed: 00:00:00
----------------------------------------------------------

15/97 Testing: v9_generator_diff
15/97 Test: v9_generator_diff
Command: "C:/work/research/gitlab/passwords/lmcrack/build-avx2/v9_generator_diff_test.exe"
Directory: C:/work/research/gitlab/passwords/lmcrack/build-avx2
"v9_generator_diff" start time: Sep 07 21:41 GMT Daylight Time
Output:
----------------------------------------------------------
<end of output>
Test time =   0.02 sec
----------------------------------------------------------
Test Passed.
"v9_generator_diff" end time: Sep 07 21:41 GMT Daylight Time
"v9_generator_diff" time elapsed: 00:00:00
----------------------------------------------------------

16/97 Testing: fixed_bitslice_des
16/97 Test: fixed_bitslice_des
Command: "C:/work/research/gitlab/passwords/lmcrack/build-avx2/fixed_bitslice_des_test.exe"
Directory: C:/work/research/gitlab/passwords/lmcrack/build-avx2
"fixed_bitslice_des" start time: Sep 07 21:41 GMT Daylight Time
Output:
----------------------------------------------------------
<end of output>
Test time =   0.02 sec
----------------------------------------------------------
Test Passed.
"fixed_bitslice_des" end time: Sep 07 21:41 GMT Daylight Time
"fixed_bitslice_des" time elapsed: 00:00:00
----------------------------------------------------------

17/97 Testing: v9_worker
17/97 Test: v9_worker
Command: "C:/work/research/gitlab/passwords/lmcrack/build-avx2/v9_worker_test.exe"
Directory: C:/work/research/gitlab/passwords/lmcrack/build-avx2
"v9_worker" start time: Sep 07 21:41 GMT Daylight Time
Output:
----------------------------------------------------------
<end of output>
Test time =   0.02 sec
----------------------------------------------------------
Test Passed.
"v9_worker" end time: Sep 07 21:41 GMT Daylight Time
"v9_worker" time elapsed: 00:00:00
----------------------------------------------------------

18/97 Testing: v11_printable
18/97 Test: v11_printable
Command: "C:/work/research/gitlab/passwords/lmcrack/build-avx2/v11_printable_test.exe"
Directory: C:/work/research/gitlab/passwords/lmcrack/build-avx2
"v11_printable" start time: Sep 07 21:41 GMT Daylight Time
Output:
----------------------------------------------------------
<end of output>
Test time =   0.01 sec
----------------------------------------------------------
Test Passed.
"v11_printable" end time: Sep 07 21:41 GMT Daylight Time
"v11_printable" time elapsed: 00:00:00
----------------------------------------------------------

19/97 Testing: v11_generator
19/97 Test: v11_generator
Command: "C:/work/research/gitlab/passwords/lmcrack/build-avx2/v11_generator_test.exe"
Directory: C:/work/research/gitlab/passwords/lmcrack/build-avx2
"v11_generator" start time: Sep 07 21:41 GMT Daylight Time
Output:
----------------------------------------------------------
<end of output>
Test time =   0.01 sec
----------------------------------------------------------
Test Passed.
"v11_generator" end time: Sep 07 21:41 GMT Daylight Time
"v11_generator" time elapsed: 00:00:00
----------------------------------------------------------

20/97 Testing: v11_worker
20/97 Test: v11_worker
Command: "C:/work/research/gitlab/passwords/lmcrack/build-avx2/v11_worker_test.exe"
Directory: C:/work/research/gitlab/passwords/lmcrack/build-avx2
"v11_worker" start time: Sep 07 21:41 GMT Daylight Time
Output:
----------------------------------------------------------
<end of output>
Test time =   0.01 sec
----------------------------------------------------------
Test Passed.
"v11_worker" end time: Sep 07 21:41 GMT Daylight Time
"v11_worker" time elapsed: 00:00:00
----------------------------------------------------------

21/97 Testing: v8_bitslice_counter
21/97 Test: v8_bitslice_counter
Command: "C:/work/research/gitlab/passwords/lmcrack/build-avx2/v8_bitslice_counter_test.exe"
Directory: C:/work/research/gitlab/passwords/lmcrack/build-avx2
"v8_bitslice_counter" start time: Sep 07 21:41 GMT Daylight Time
Output:
----------------------------------------------------------
<end of output>
Test time =   0.02 sec
----------------------------------------------------------
Test Passed.
"v8_bitslice_counter" end time: Sep 07 21:41 GMT Daylight Time
"v8_bitslice_counter" time elapsed: 00:00:00
----------------------------------------------------------

22/97 Testing: v8_key_planes
22/97 Test: v8_key_planes
Command: "C:/work/research/gitlab/passwords/lmcrack/build-avx2/v8_key_planes_test.exe"
Directory: C:/work/research/gitlab/passwords/lmcrack/build-avx2
"v8_key_planes" start time: Sep 07 21:41 GMT Daylight Time
Output:
----------------------------------------------------------
<end of output>
Test time =   0.01 sec
----------------------------------------------------------
Test Passed.
"v8_key_planes" end time: Sep 07 21:41 GMT Daylight Time
"v8_key_planes" time elapsed: 00:00:00
----------------------------------------------------------

23/97 Testing: v8_generator_diff
23/97 Test: v8_generator_diff
Command: "C:/work/research/gitlab/passwords/lmcrack/build-avx2/v8_generator_diff_test.exe"
Directory: C:/work/research/gitlab/passwords/lmcrack/build-avx2
"v8_generator_diff" start time: Sep 07 21:41 GMT Daylight Time
Output:
----------------------------------------------------------
<end of output>
Test time =   0.01 sec
----------------------------------------------------------
Test Passed.
"v8_generator_diff" end time: Sep 07 21:41 GMT Daylight Time
"v8_generator_diff" time elapsed: 00:00:00
----------------------------------------------------------

24/97 Testing: v8_direct_des
24/97 Test: v8_direct_des
Command: "C:/work/research/gitlab/passwords/lmcrack/build-avx2/v8_direct_des_test.exe"
Directory: C:/work/research/gitlab/passwords/lmcrack/build-avx2
"v8_direct_des" start time: Sep 07 21:41 GMT Daylight Time
Output:
----------------------------------------------------------
<end of output>
Test time =   0.01 sec
----------------------------------------------------------
Test Passed.
"v8_direct_des" end time: Sep 07 21:41 GMT Daylight Time
"v8_direct_des" time elapsed: 00:00:00
----------------------------------------------------------

25/97 Testing: v8_target
25/97 Test: v8_target
Command: "C:/work/research/gitlab/passwords/lmcrack/build-avx2/v8_target_test.exe"
Directory: C:/work/research/gitlab/passwords/lmcrack/build-avx2
"v8_target" start time: Sep 07 21:41 GMT Daylight Time
Output:
----------------------------------------------------------
<end of output>
Test time =   0.02 sec
----------------------------------------------------------
Test Passed.
"v8_target" end time: Sep 07 21:41 GMT Daylight Time
"v8_target" time elapsed: 00:00:00
----------------------------------------------------------

26/97 Testing: v8_worker
26/97 Test: v8_worker
Command: "C:/work/research/gitlab/passwords/lmcrack/build-avx2/v8_worker_test.exe"
Directory: C:/work/research/gitlab/passwords/lmcrack/build-avx2
"v8_worker" start time: Sep 07 21:41 GMT Daylight Time
Output:
----------------------------------------------------------
<end of output>
Test time =   0.01 sec
----------------------------------------------------------
Test Passed.
"v8_worker" end time: Sep 07 21:41 GMT Daylight Time
"v8_worker" time elapsed: 00:00:00
----------------------------------------------------------

27/97 Testing: bitslice_vec
27/97 Test: bitslice_vec
Command: "C:/work/research/gitlab/passwords/lmcrack/build-avx2/bitslice_vec_test.exe"
Directory: C:/work/research/gitlab/passwords/lmcrack/build-avx2
"bitslice_vec" start time: Sep 07 21:41 GMT Daylight Time
Output:
----------------------------------------------------------
<end of output>
Test time =   0.01 sec
----------------------------------------------------------
Test Passed.
"bitslice_vec" end time: Sep 07 21:41 GMT Daylight Time
"bitslice_vec" time elapsed: 00:00:00
----------------------------------------------------------

28/97 Testing: bitslice_batch
28/97 Test: bitslice_batch
Command: "C:/work/research/gitlab/passwords/lmcrack/build-avx2/bitslice_batch_test.exe"
Directory: C:/work/research/gitlab/passwords/lmcrack/build-avx2
"bitslice_batch" start time: Sep 07 21:41 GMT Daylight Time
Output:
----------------------------------------------------------
<end of output>
Test time =   0.01 sec
----------------------------------------------------------
Test Passed.
"bitslice_batch" end time: Sep 07 21:41 GMT Daylight Time
"bitslice_batch" time elapsed: 00:00:00
----------------------------------------------------------

29/97 Testing: bitslice_transpose
29/97 Test: bitslice_transpose
Command: "C:/work/research/gitlab/passwords/lmcrack/build-avx2/bitslice_transpose_test.exe"
Directory: C:/work/research/gitlab/passwords/lmcrack/build-avx2
"bitslice_transpose" start time: Sep 07 21:41 GMT Daylight Time
Output:
----------------------------------------------------------
<end of output>
Test time =   0.01 sec
----------------------------------------------------------
Test Passed.
"bitslice_transpose" end time: Sep 07 21:41 GMT Daylight Time
"bitslice_transpose" time elapsed: 00:00:00
----------------------------------------------------------

30/97 Testing: bitslice_key
30/97 Test: bitslice_key
Command: "C:/work/research/gitlab/passwords/lmcrack/build-avx2/bitslice_key_test.exe"
Directory: C:/work/research/gitlab/passwords/lmcrack/build-avx2
"bitslice_key" start time: Sep 07 21:41 GMT Daylight Time
Output:
----------------------------------------------------------
<end of output>
Test time =   0.01 sec
----------------------------------------------------------
Test Passed.
"bitslice_key" end time: Sep 07 21:41 GMT Daylight Time
"bitslice_key" time elapsed: 00:00:00
----------------------------------------------------------

31/97 Testing: bitslice_sbox
31/97 Test: bitslice_sbox
Command: "C:/work/research/gitlab/passwords/lmcrack/build-avx2/bitslice_sbox_test.exe"
Directory: C:/work/research/gitlab/passwords/lmcrack/build-avx2
"bitslice_sbox" start time: Sep 07 21:41 GMT Daylight Time
Output:
----------------------------------------------------------
<end of output>
Test time =   0.01 sec
----------------------------------------------------------
Test Passed.
"bitslice_sbox" end time: Sep 07 21:41 GMT Daylight Time
"bitslice_sbox" time elapsed: 00:00:00
----------------------------------------------------------

32/97 Testing: bitslice_des
32/97 Test: bitslice_des
Command: "C:/work/research/gitlab/passwords/lmcrack/build-avx2/bitslice_des_test.exe"
Directory: C:/work/research/gitlab/passwords/lmcrack/build-avx2
"bitslice_des" start time: Sep 07 21:41 GMT Daylight Time
Output:
----------------------------------------------------------
<end of output>
Test time =   0.01 sec
----------------------------------------------------------
Test Passed.
"bitslice_des" end time: Sep 07 21:41 GMT Daylight Time
"bitslice_des" time elapsed: 00:00:00
----------------------------------------------------------

33/97 Testing: bitslice_block
33/97 Test: bitslice_block
Command: "C:/work/research/gitlab/passwords/lmcrack/build-avx2/bitslice_block_test.exe"
Directory: C:/work/research/gitlab/passwords/lmcrack/build-avx2
"bitslice_block" start time: Sep 07 21:41 GMT Daylight Time
Output:
----------------------------------------------------------
<end of output>
Test time =   0.01 sec
----------------------------------------------------------
Test Passed.
"bitslice_block" end time: Sep 07 21:41 GMT Daylight Time
"bitslice_block" time elapsed: 00:00:00
----------------------------------------------------------

34/97 Testing: bitslice_match
34/97 Test: bitslice_match
Command: "C:/work/research/gitlab/passwords/lmcrack/build-avx2/bitslice_match_test.exe"
Directory: C:/work/research/gitlab/passwords/lmcrack/build-avx2
"bitslice_match" start time: Sep 07 21:41 GMT Daylight Time
Output:
----------------------------------------------------------
<end of output>
Test time =   0.01 sec
----------------------------------------------------------
Test Passed.
"bitslice_match" end time: Sep 07 21:41 GMT Daylight Time
"bitslice_match" time elapsed: 00:00:00
----------------------------------------------------------

35/97 Testing: bitslice_lm
35/97 Test: bitslice_lm
Command: "C:/work/research/gitlab/passwords/lmcrack/build-avx2/bitslice_lm_test.exe"
Directory: C:/work/research/gitlab/passwords/lmcrack/build-avx2
"bitslice_lm" start time: Sep 07 21:41 GMT Daylight Time
Output:
----------------------------------------------------------
<end of output>
Test time =   0.01 sec
----------------------------------------------------------
Test Passed.
"bitslice_lm" end time: Sep 07 21:41 GMT Daylight Time
"bitslice_lm" time elapsed: 00:00:00
----------------------------------------------------------

36/97 Testing: bitslice_target
36/97 Test: bitslice_target
Command: "C:/work/research/gitlab/passwords/lmcrack/build-avx2/bitslice_target_test.exe"
Directory: C:/work/research/gitlab/passwords/lmcrack/build-avx2
"bitslice_target" start time: Sep 07 21:41 GMT Daylight Time
Output:
----------------------------------------------------------
<end of output>
Test time =   0.01 sec
----------------------------------------------------------
Test Passed.
"bitslice_target" end time: Sep 07 21:41 GMT Daylight Time
"bitslice_target" time elapsed: 00:00:00
----------------------------------------------------------

37/97 Testing: destool_types
37/97 Test: destool_types
Command: "C:/work/research/gitlab/passwords/lmcrack/build-avx2/destool_types_test.exe"
Directory: C:/work/research/gitlab/passwords/lmcrack/build-avx2
"destool_types" start time: Sep 07 21:41 GMT Daylight Time
Output:
----------------------------------------------------------
<end of output>
Test time =   0.01 sec
----------------------------------------------------------
Test Passed.
"destool_types" end time: Sep 07 21:41 GMT Daylight Time
"destool_types" time elapsed: 00:00:00
----------------------------------------------------------

38/97 Testing: destool_alphabet
38/97 Test: destool_alphabet
Command: "C:/work/research/gitlab/passwords/lmcrack/build-avx2/destool_alphabet_test.exe"
Directory: C:/work/research/gitlab/passwords/lmcrack/build-avx2
"destool_alphabet" start time: Sep 07 21:41 GMT Daylight Time
Output:
----------------------------------------------------------
<end of output>
Test time =   0.01 sec
----------------------------------------------------------
Test Passed.
"destool_alphabet" end time: Sep 07 21:41 GMT Daylight Time
"destool_alphabet" time elapsed: 00:00:00
----------------------------------------------------------

39/97 Testing: destool_bitslice_counter
39/97 Test: destool_bitslice_counter
Command: "C:/work/research/gitlab/passwords/lmcrack/build-avx2/destool_bitslice_counter_test.exe"
Directory: C:/work/research/gitlab/passwords/lmcrack/build-avx2
"destool_bitslice_counter" start time: Sep 07 21:41 GMT Daylight Time
Output:
----------------------------------------------------------
<end of output>
Test time =   0.02 sec
----------------------------------------------------------
Test Passed.
"destool_bitslice_counter" end time: Sep 07 21:41 GMT Daylight Time
"destool_bitslice_counter" time elapsed: 00:00:00
----------------------------------------------------------

40/97 Testing: destool_key_planes
40/97 Test: destool_key_planes
Command: "C:/work/research/gitlab/passwords/lmcrack/build-avx2/destool_key_planes_test.exe"
Directory: C:/work/research/gitlab/passwords/lmcrack/build-avx2
"destool_key_planes" start time: Sep 07 21:41 GMT Daylight Time
Output:
----------------------------------------------------------
<end of output>
Test time =   0.02 sec
----------------------------------------------------------
Test Passed.
"destool_key_planes" end time: Sep 07 21:41 GMT Daylight Time
"destool_key_planes" time elapsed: 00:00:00
----------------------------------------------------------

41/97 Testing: destool_generator_diff
41/97 Test: destool_generator_diff
Command: "C:/work/research/gitlab/passwords/lmcrack/build-avx2/destool_generator_diff_test.exe"
Directory: C:/work/research/gitlab/passwords/lmcrack/build-avx2
"destool_generator_diff" start time: Sep 07 21:41 GMT Daylight Time
Output:
----------------------------------------------------------
<end of output>
Test time =   0.02 sec
----------------------------------------------------------
Test Passed.
"destool_generator_diff" end time: Sep 07 21:41 GMT Daylight Time
"destool_generator_diff" time elapsed: 00:00:00
----------------------------------------------------------

42/97 Testing: destool_worker
42/97 Test: destool_worker
Command: "C:/work/research/gitlab/passwords/lmcrack/build-avx2/destool_worker_test.exe"
Directory: C:/work/research/gitlab/passwords/lmcrack/build-avx2
"destool_worker" start time: Sep 07 21:41 GMT Daylight Time
Output:
----------------------------------------------------------
<end of output>
Test time =   0.01 sec
----------------------------------------------------------
Test Passed.
"destool_worker" end time: Sep 07 21:41 GMT Daylight Time
"destool_worker" time elapsed: 00:00:00
----------------------------------------------------------

43/97 Testing: destool_cli
43/97 Test: destool_cli
Command: "C:/work/research/gitlab/passwords/lmcrack/build-avx2/destool_cli_test.exe"
Directory: C:/work/research/gitlab/passwords/lmcrack/build-avx2
"destool_cli" start time: Sep 07 21:41 GMT Daylight Time
Output:
----------------------------------------------------------
<end of output>
Test time =   0.01 sec
----------------------------------------------------------
Test Passed.
"destool_cli" end time: Sep 07 21:41 GMT Daylight Time
"destool_cli" time elapsed: 00:00:00
----------------------------------------------------------

44/97 Testing: destool_runner
44/97 Test: destool_runner
Command: "C:/work/research/gitlab/passwords/lmcrack/build-avx2/destool_runner_test.exe"
Directory: C:/work/research/gitlab/passwords/lmcrack/build-avx2
"destool_runner" start time: Sep 07 21:41 GMT Daylight Time
Output:
----------------------------------------------------------
<end of output>
Test time =   0.02 sec
----------------------------------------------------------
Test Passed.
"destool_runner" end time: Sep 07 21:41 GMT Daylight Time
"destool_runner" time elapsed: 00:00:00
----------------------------------------------------------

45/97 Testing: destool_recovery
45/97 Test: destool_recovery
Command: "C:/work/research/gitlab/passwords/lmcrack/build-avx2/destool_recovery_test.exe"
Directory: C:/work/research/gitlab/passwords/lmcrack/build-avx2
"destool_recovery" start time: Sep 07 21:41 GMT Daylight Time
Output:
----------------------------------------------------------
<end of output>
Test time =   0.02 sec
----------------------------------------------------------
Test Passed.
"destool_recovery" end time: Sep 07 21:41 GMT Daylight Time
"destool_recovery" time elapsed: 00:00:00
----------------------------------------------------------

46/97 Testing: destool_random_diff
46/97 Test: destool_random_diff
Command: "C:/work/research/gitlab/passwords/lmcrack/build-avx2/destool_random_diff_test.exe"
Directory: C:/work/research/gitlab/passwords/lmcrack/build-avx2
"destool_random_diff" start time: Sep 07 21:41 GMT Daylight Time
Output:
----------------------------------------------------------
<end of output>
Test time =   0.02 sec
----------------------------------------------------------
Test Passed.
"destool_random_diff" end time: Sep 07 21:41 GMT Daylight Time
"destool_random_diff" time elapsed: 00:00:00
----------------------------------------------------------

47/97 Testing: v8_generator_diff_scalar
47/97 Test: v8_generator_diff_scalar
Command: "C:/work/research/gitlab/passwords/lmcrack/build-avx2/v8_generator_diff_scalar_test.exe"
Directory: C:/work/research/gitlab/passwords/lmcrack/build-avx2
"v8_generator_diff_scalar" start time: Sep 07 21:41 GMT Daylight Time
Output:
----------------------------------------------------------
<end of output>
Test time =   0.02 sec
----------------------------------------------------------
Test Passed.
"v8_generator_diff_scalar" end time: Sep 07 21:41 GMT Daylight Time
"v8_generator_diff_scalar" time elapsed: 00:00:00
----------------------------------------------------------

48/97 Testing: v9_bitslice_counter_scalar
48/97 Test: v9_bitslice_counter_scalar
Command: "C:/work/research/gitlab/passwords/lmcrack/build-avx2/v9_bitslice_counter_scalar_test.exe"
Directory: C:/work/research/gitlab/passwords/lmcrack/build-avx2
"v9_bitslice_counter_scalar" start time: Sep 07 21:41 GMT Daylight Time
Output:
----------------------------------------------------------
<end of output>
Test time =   0.02 sec
----------------------------------------------------------
Test Passed.
"v9_bitslice_counter_scalar" end time: Sep 07 21:41 GMT Daylight Time
"v9_bitslice_counter_scalar" time elapsed: 00:00:00
----------------------------------------------------------

49/97 Testing: v9_key_planes_scalar
49/97 Test: v9_key_planes_scalar
Command: "C:/work/research/gitlab/passwords/lmcrack/build-avx2/v9_key_planes_scalar_test.exe"
Directory: C:/work/research/gitlab/passwords/lmcrack/build-avx2
"v9_key_planes_scalar" start time: Sep 07 21:41 GMT Daylight Time
Output:
----------------------------------------------------------
<end of output>
Test time =   0.02 sec
----------------------------------------------------------
Test Passed.
"v9_key_planes_scalar" end time: Sep 07 21:41 GMT Daylight Time
"v9_key_planes_scalar" time elapsed: 00:00:00
----------------------------------------------------------

50/97 Testing: v9_generator_diff_scalar
50/97 Test: v9_generator_diff_scalar
Command: "C:/work/research/gitlab/passwords/lmcrack/build-avx2/v9_generator_diff_scalar_test.exe"
Directory: C:/work/research/gitlab/passwords/lmcrack/build-avx2
"v9_generator_diff_scalar" start time: Sep 07 21:41 GMT Daylight Time
Output:
----------------------------------------------------------
<end of output>
Test time =   0.02 sec
----------------------------------------------------------
Test Passed.
"v9_generator_diff_scalar" end time: Sep 07 21:41 GMT Daylight Time
"v9_generator_diff_scalar" time elapsed: 00:00:00
----------------------------------------------------------

51/97 Testing: v9_worker_scalar
51/97 Test: v9_worker_scalar
Command: "C:/work/research/gitlab/passwords/lmcrack/build-avx2/v9_worker_scalar_test.exe"
Directory: C:/work/research/gitlab/passwords/lmcrack/build-avx2
"v9_worker_scalar" start time: Sep 07 21:41 GMT Daylight Time
Output:
----------------------------------------------------------
<end of output>
Test time =   0.02 sec
----------------------------------------------------------
Test Passed.
"v9_worker_scalar" end time: Sep 07 21:41 GMT Daylight Time
"v9_worker_scalar" time elapsed: 00:00:00
----------------------------------------------------------

52/97 Testing: v11_generator_scalar
52/97 Test: v11_generator_scalar
Command: "C:/work/research/gitlab/passwords/lmcrack/build-avx2/v11_generator_scalar_test.exe"
Directory: C:/work/research/gitlab/passwords/lmcrack/build-avx2
"v11_generator_scalar" start time: Sep 07 21:41 GMT Daylight Time
Output:
----------------------------------------------------------
<end of output>
Test time =   0.01 sec
----------------------------------------------------------
Test Passed.
"v11_generator_scalar" end time: Sep 07 21:41 GMT Daylight Time
"v11_generator_scalar" time elapsed: 00:00:00
----------------------------------------------------------

53/97 Testing: v11_worker_scalar
53/97 Test: v11_worker_scalar
Command: "C:/work/research/gitlab/passwords/lmcrack/build-avx2/v11_worker_scalar_test.exe"
Directory: C:/work/research/gitlab/passwords/lmcrack/build-avx2
"v11_worker_scalar" start time: Sep 07 21:41 GMT Daylight Time
Output:
----------------------------------------------------------
<end of output>
Test time =   0.01 sec
----------------------------------------------------------
Test Passed.
"v11_worker_scalar" end time: Sep 07 21:41 GMT Daylight Time
"v11_worker_scalar" time elapsed: 00:00:00
----------------------------------------------------------

54/97 Testing: v8_target_scalar
54/97 Test: v8_target_scalar
Command: "C:/work/research/gitlab/passwords/lmcrack/build-avx2/v8_target_scalar_test.exe"
Directory: C:/work/research/gitlab/passwords/lmcrack/build-avx2
"v8_target_scalar" start time: Sep 07 21:41 GMT Daylight Time
Output:
----------------------------------------------------------
<end of output>
Test time =   0.02 sec
----------------------------------------------------------
Test Passed.
"v8_target_scalar" end time: Sep 07 21:41 GMT Daylight Time
"v8_target_scalar" time elapsed: 00:00:00
----------------------------------------------------------

55/97 Testing: v8_worker_scalar
55/97 Test: v8_worker_scalar
Command: "C:/work/research/gitlab/passwords/lmcrack/build-avx2/v8_worker_scalar_test.exe"
Directory: C:/work/research/gitlab/passwords/lmcrack/build-avx2
"v8_worker_scalar" start time: Sep 07 21:41 GMT Daylight Time
Output:
----------------------------------------------------------
<end of output>
Test time =   0.02 sec
----------------------------------------------------------
Test Passed.
"v8_worker_scalar" end time: Sep 07 21:41 GMT Daylight Time
"v8_worker_scalar" time elapsed: 00:00:00
----------------------------------------------------------

56/97 Testing: bitslice_lm_scalar
56/97 Test: bitslice_lm_scalar
Command: "C:/work/research/gitlab/passwords/lmcrack/build-avx2/bitslice_lm_scalar_test.exe"
Directory: C:/work/research/gitlab/passwords/lmcrack/build-avx2
"bitslice_lm_scalar" start time: Sep 07 21:41 GMT Daylight Time
Output:
----------------------------------------------------------
<end of output>
Test time =   0.01 sec
----------------------------------------------------------
Test Passed.
"bitslice_lm_scalar" end time: Sep 07 21:41 GMT Daylight Time
"bitslice_lm_scalar" time elapsed: 00:00:00
----------------------------------------------------------

57/97 Testing: destool_bitslice_counter_scalar
57/97 Test: destool_bitslice_counter_scalar
Command: "C:/work/research/gitlab/passwords/lmcrack/build-avx2/destool_bitslice_counter_scalar_test.exe"
Directory: C:/work/research/gitlab/passwords/lmcrack/build-avx2
"destool_bitslice_counter_scalar" start time: Sep 07 21:41 GMT Daylight Time
Output:
----------------------------------------------------------
<end of output>
Test time =   0.02 sec
----------------------------------------------------------
Test Passed.
"destool_bitslice_counter_scalar" end time: Sep 07 21:41 GMT Daylight Time
"destool_bitslice_counter_scalar" time elapsed: 00:00:00
----------------------------------------------------------

58/97 Testing: destool_key_planes_scalar
58/97 Test: destool_key_planes_scalar
Command: "C:/work/research/gitlab/passwords/lmcrack/build-avx2/destool_key_planes_scalar_test.exe"
Directory: C:/work/research/gitlab/passwords/lmcrack/build-avx2
"destool_key_planes_scalar" start time: Sep 07 21:41 GMT Daylight Time
Output:
----------------------------------------------------------
<end of output>
Test time =   0.02 sec
----------------------------------------------------------
Test Passed.
"destool_key_planes_scalar" end time: Sep 07 21:41 GMT Daylight Time
"destool_key_planes_scalar" time elapsed: 00:00:00
----------------------------------------------------------

59/97 Testing: destool_generator_diff_scalar
59/97 Test: destool_generator_diff_scalar
Command: "C:/work/research/gitlab/passwords/lmcrack/build-avx2/destool_generator_diff_scalar_test.exe"
Directory: C:/work/research/gitlab/passwords/lmcrack/build-avx2
"destool_generator_diff_scalar" start time: Sep 07 21:41 GMT Daylight Time
Output:
----------------------------------------------------------
<end of output>
Test time =   0.02 sec
----------------------------------------------------------
Test Passed.
"destool_generator_diff_scalar" end time: Sep 07 21:41 GMT Daylight Time
"destool_generator_diff_scalar" time elapsed: 00:00:00
----------------------------------------------------------

60/97 Testing: destool_worker_scalar
60/97 Test: destool_worker_scalar
Command: "C:/work/research/gitlab/passwords/lmcrack/build-avx2/destool_worker_scalar_test.exe"
Directory: C:/work/research/gitlab/passwords/lmcrack/build-avx2
"destool_worker_scalar" start time: Sep 07 21:41 GMT Daylight Time
Output:
----------------------------------------------------------
<end of output>
Test time =   0.02 sec
----------------------------------------------------------
Test Passed.
"destool_worker_scalar" end time: Sep 07 21:41 GMT Daylight Time
"destool_worker_scalar" time elapsed: 00:00:00
----------------------------------------------------------

61/97 Testing: destool_recovery_scalar
61/97 Test: destool_recovery_scalar
Command: "C:/work/research/gitlab/passwords/lmcrack/build-avx2/destool_recovery_scalar_test.exe"
Directory: C:/work/research/gitlab/passwords/lmcrack/build-avx2
"destool_recovery_scalar" start time: Sep 07 21:41 GMT Daylight Time
Output:
----------------------------------------------------------
<end of output>
Test time =   0.03 sec
----------------------------------------------------------
Test Passed.
"destool_recovery_scalar" end time: Sep 07 21:41 GMT Daylight Time
"destool_recovery_scalar" time elapsed: 00:00:00
----------------------------------------------------------

62/97 Testing: destool_random_diff_scalar
62/97 Test: destool_random_diff_scalar
Command: "C:/work/research/gitlab/passwords/lmcrack/build-avx2/destool_random_diff_scalar_test.exe"
Directory: C:/work/research/gitlab/passwords/lmcrack/build-avx2
"destool_random_diff_scalar" start time: Sep 07 21:41 GMT Daylight Time
Output:
----------------------------------------------------------
<end of output>
Test time =   0.02 sec
----------------------------------------------------------
Test Passed.
"destool_random_diff_scalar" end time: Sep 07 21:41 GMT Daylight Time
"destool_random_diff_scalar" time elapsed: 00:00:00
----------------------------------------------------------

63/97 Testing: bitslice_target_scalar
63/97 Test: bitslice_target_scalar
Command: "C:/work/research/gitlab/passwords/lmcrack/build-avx2/bitslice_target_scalar_test.exe"
Directory: C:/work/research/gitlab/passwords/lmcrack/build-avx2
"bitslice_target_scalar" start time: Sep 07 21:41 GMT Daylight Time
Output:
----------------------------------------------------------
<end of output>
Test time =   0.02 sec
----------------------------------------------------------
Test Passed.
"bitslice_target_scalar" end time: Sep 07 21:41 GMT Daylight Time
"bitslice_target_scalar" time elapsed: 00:00:00
----------------------------------------------------------

64/97 Testing: bitslice_lm_sse2
64/97 Test: bitslice_lm_sse2
Command: "C:/work/research/gitlab/passwords/lmcrack/build-avx2/bitslice_lm_sse2_test.exe"
Directory: C:/work/research/gitlab/passwords/lmcrack/build-avx2
"bitslice_lm_sse2" start time: Sep 07 21:41 GMT Daylight Time
Output:
----------------------------------------------------------
<end of output>
Test time =   0.01 sec
----------------------------------------------------------
Test Passed.
"bitslice_lm_sse2" end time: Sep 07 21:41 GMT Daylight Time
"bitslice_lm_sse2" time elapsed: 00:00:00
----------------------------------------------------------

65/97 Testing: v8_generator_diff_sse2
65/97 Test: v8_generator_diff_sse2
Command: "C:/work/research/gitlab/passwords/lmcrack/build-avx2/v8_generator_diff_sse2_test.exe"
Directory: C:/work/research/gitlab/passwords/lmcrack/build-avx2
"v8_generator_diff_sse2" start time: Sep 07 21:41 GMT Daylight Time
Output:
----------------------------------------------------------
<end of output>
Test time =   0.02 sec
----------------------------------------------------------
Test Passed.
"v8_generator_diff_sse2" end time: Sep 07 21:41 GMT Daylight Time
"v8_generator_diff_sse2" time elapsed: 00:00:00
----------------------------------------------------------

66/97 Testing: v9_bitslice_counter_sse2
66/97 Test: v9_bitslice_counter_sse2
Command: "C:/work/research/gitlab/passwords/lmcrack/build-avx2/v9_bitslice_counter_sse2_test.exe"
Directory: C:/work/research/gitlab/passwords/lmcrack/build-avx2
"v9_bitslice_counter_sse2" start time: Sep 07 21:41 GMT Daylight Time
Output:
----------------------------------------------------------
<end of output>
Test time =   0.02 sec
----------------------------------------------------------
Test Passed.
"v9_bitslice_counter_sse2" end time: Sep 07 21:41 GMT Daylight Time
"v9_bitslice_counter_sse2" time elapsed: 00:00:00
----------------------------------------------------------

67/97 Testing: v9_key_planes_sse2
67/97 Test: v9_key_planes_sse2
Command: "C:/work/research/gitlab/passwords/lmcrack/build-avx2/v9_key_planes_sse2_test.exe"
Directory: C:/work/research/gitlab/passwords/lmcrack/build-avx2
"v9_key_planes_sse2" start time: Sep 07 21:41 GMT Daylight Time
Output:
----------------------------------------------------------
<end of output>
Test time =   0.02 sec
----------------------------------------------------------
Test Passed.
"v9_key_planes_sse2" end time: Sep 07 21:41 GMT Daylight Time
"v9_key_planes_sse2" time elapsed: 00:00:00
----------------------------------------------------------

68/97 Testing: v9_generator_diff_sse2
68/97 Test: v9_generator_diff_sse2
Command: "C:/work/research/gitlab/passwords/lmcrack/build-avx2/v9_generator_diff_sse2_test.exe"
Directory: C:/work/research/gitlab/passwords/lmcrack/build-avx2
"v9_generator_diff_sse2" start time: Sep 07 21:41 GMT Daylight Time
Output:
----------------------------------------------------------
<end of output>
Test time =   0.02 sec
----------------------------------------------------------
Test Passed.
"v9_generator_diff_sse2" end time: Sep 07 21:41 GMT Daylight Time
"v9_generator_diff_sse2" time elapsed: 00:00:00
----------------------------------------------------------

69/97 Testing: v9_worker_sse2
69/97 Test: v9_worker_sse2
Command: "C:/work/research/gitlab/passwords/lmcrack/build-avx2/v9_worker_sse2_test.exe"
Directory: C:/work/research/gitlab/passwords/lmcrack/build-avx2
"v9_worker_sse2" start time: Sep 07 21:41 GMT Daylight Time
Output:
----------------------------------------------------------
<end of output>
Test time =   0.01 sec
----------------------------------------------------------
Test Passed.
"v9_worker_sse2" end time: Sep 07 21:41 GMT Daylight Time
"v9_worker_sse2" time elapsed: 00:00:00
----------------------------------------------------------

70/97 Testing: v11_generator_sse2
70/97 Test: v11_generator_sse2
Command: "C:/work/research/gitlab/passwords/lmcrack/build-avx2/v11_generator_sse2_test.exe"
Directory: C:/work/research/gitlab/passwords/lmcrack/build-avx2
"v11_generator_sse2" start time: Sep 07 21:41 GMT Daylight Time
Output:
----------------------------------------------------------
<end of output>
Test time =   0.01 sec
----------------------------------------------------------
Test Passed.
"v11_generator_sse2" end time: Sep 07 21:41 GMT Daylight Time
"v11_generator_sse2" time elapsed: 00:00:00
----------------------------------------------------------

71/97 Testing: v11_worker_sse2
71/97 Test: v11_worker_sse2
Command: "C:/work/research/gitlab/passwords/lmcrack/build-avx2/v11_worker_sse2_test.exe"
Directory: C:/work/research/gitlab/passwords/lmcrack/build-avx2
"v11_worker_sse2" start time: Sep 07 21:41 GMT Daylight Time
Output:
----------------------------------------------------------
<end of output>
Test time =   0.01 sec
----------------------------------------------------------
Test Passed.
"v11_worker_sse2" end time: Sep 07 21:41 GMT Daylight Time
"v11_worker_sse2" time elapsed: 00:00:00
----------------------------------------------------------

72/97 Testing: v8_target_sse2
72/97 Test: v8_target_sse2
Command: "C:/work/research/gitlab/passwords/lmcrack/build-avx2/v8_target_sse2_test.exe"
Directory: C:/work/research/gitlab/passwords/lmcrack/build-avx2
"v8_target_sse2" start time: Sep 07 21:41 GMT Daylight Time
Output:
----------------------------------------------------------
<end of output>
Test time =   0.01 sec
----------------------------------------------------------
Test Passed.
"v8_target_sse2" end time: Sep 07 21:41 GMT Daylight Time
"v8_target_sse2" time elapsed: 00:00:00
----------------------------------------------------------

73/97 Testing: v8_worker_sse2
73/97 Test: v8_worker_sse2
Command: "C:/work/research/gitlab/passwords/lmcrack/build-avx2/v8_worker_sse2_test.exe"
Directory: C:/work/research/gitlab/passwords/lmcrack/build-avx2
"v8_worker_sse2" start time: Sep 07 21:41 GMT Daylight Time
Output:
----------------------------------------------------------
<end of output>
Test time =   0.01 sec
----------------------------------------------------------
Test Passed.
"v8_worker_sse2" end time: Sep 07 21:41 GMT Daylight Time
"v8_worker_sse2" time elapsed: 00:00:00
----------------------------------------------------------

74/97 Testing: destool_bitslice_counter_sse2
74/97 Test: destool_bitslice_counter_sse2
Command: "C:/work/research/gitlab/passwords/lmcrack/build-avx2/destool_bitslice_counter_sse2_test.exe"
Directory: C:/work/research/gitlab/passwords/lmcrack/build-avx2
"destool_bitslice_counter_sse2" start time: Sep 07 21:41 GMT Daylight Time
Output:
----------------------------------------------------------
<end of output>
Test time =   0.02 sec
----------------------------------------------------------
Test Passed.
"destool_bitslice_counter_sse2" end time: Sep 07 21:41 GMT Daylight Time
"destool_bitslice_counter_sse2" time elapsed: 00:00:00
----------------------------------------------------------

75/97 Testing: destool_key_planes_sse2
75/97 Test: destool_key_planes_sse2
Command: "C:/work/research/gitlab/passwords/lmcrack/build-avx2/destool_key_planes_sse2_test.exe"
Directory: C:/work/research/gitlab/passwords/lmcrack/build-avx2
"destool_key_planes_sse2" start time: Sep 07 21:41 GMT Daylight Time
Output:
----------------------------------------------------------
<end of output>
Test time =   0.02 sec
----------------------------------------------------------
Test Passed.
"destool_key_planes_sse2" end time: Sep 07 21:41 GMT Daylight Time
"destool_key_planes_sse2" time elapsed: 00:00:00
----------------------------------------------------------

76/97 Testing: destool_generator_diff_sse2
76/97 Test: destool_generator_diff_sse2
Command: "C:/work/research/gitlab/passwords/lmcrack/build-avx2/destool_generator_diff_sse2_test.exe"
Directory: C:/work/research/gitlab/passwords/lmcrack/build-avx2
"destool_generator_diff_sse2" start time: Sep 07 21:41 GMT Daylight Time
Output:
----------------------------------------------------------
<end of output>
Test time =   0.03 sec
----------------------------------------------------------
Test Passed.
"destool_generator_diff_sse2" end time: Sep 07 21:41 GMT Daylight Time
"destool_generator_diff_sse2" time elapsed: 00:00:00
----------------------------------------------------------

77/97 Testing: destool_worker_sse2
77/97 Test: destool_worker_sse2
Command: "C:/work/research/gitlab/passwords/lmcrack/build-avx2/destool_worker_sse2_test.exe"
Directory: C:/work/research/gitlab/passwords/lmcrack/build-avx2
"destool_worker_sse2" start time: Sep 07 21:41 GMT Daylight Time
Output:
----------------------------------------------------------
<end of output>
Test time =   0.02 sec
----------------------------------------------------------
Test Passed.
"destool_worker_sse2" end time: Sep 07 21:41 GMT Daylight Time
"destool_worker_sse2" time elapsed: 00:00:00
----------------------------------------------------------

78/97 Testing: destool_recovery_sse2
78/97 Test: destool_recovery_sse2
Command: "C:/work/research/gitlab/passwords/lmcrack/build-avx2/destool_recovery_sse2_test.exe"
Directory: C:/work/research/gitlab/passwords/lmcrack/build-avx2
"destool_recovery_sse2" start time: Sep 07 21:41 GMT Daylight Time
Output:
----------------------------------------------------------
<end of output>
Test time =   0.03 sec
----------------------------------------------------------
Test Passed.
"destool_recovery_sse2" end time: Sep 07 21:41 GMT Daylight Time
"destool_recovery_sse2" time elapsed: 00:00:00
----------------------------------------------------------

79/97 Testing: destool_random_diff_sse2
79/97 Test: destool_random_diff_sse2
Command: "C:/work/research/gitlab/passwords/lmcrack/build-avx2/destool_random_diff_sse2_test.exe"
Directory: C:/work/research/gitlab/passwords/lmcrack/build-avx2
"destool_random_diff_sse2" start time: Sep 07 21:41 GMT Daylight Time
Output:
----------------------------------------------------------
<end of output>
Test time =   0.02 sec
----------------------------------------------------------
Test Passed.
"destool_random_diff_sse2" end time: Sep 07 21:41 GMT Daylight Time
"destool_random_diff_sse2" time elapsed: 00:00:00
----------------------------------------------------------

80/97 Testing: bitslice_target_sse2
80/97 Test: bitslice_target_sse2
Command: "C:/work/research/gitlab/passwords/lmcrack/build-avx2/bitslice_target_sse2_test.exe"
Directory: C:/work/research/gitlab/passwords/lmcrack/build-avx2
"bitslice_target_sse2" start time: Sep 07 21:41 GMT Daylight Time
Output:
----------------------------------------------------------
<end of output>
Test time =   0.01 sec
----------------------------------------------------------
Test Passed.
"bitslice_target_sse2" end time: Sep 07 21:41 GMT Daylight Time
"bitslice_target_sse2" time elapsed: 00:00:00
----------------------------------------------------------

81/97 Testing: bitslice_lm_avx2
81/97 Test: bitslice_lm_avx2
Command: "C:/work/research/gitlab/passwords/lmcrack/build-avx2/bitslice_lm_avx2_test.exe"
Directory: C:/work/research/gitlab/passwords/lmcrack/build-avx2
"bitslice_lm_avx2" start time: Sep 07 21:41 GMT Daylight Time
Output:
----------------------------------------------------------
<end of output>
Test time =   0.01 sec
----------------------------------------------------------
Test Passed.
"bitslice_lm_avx2" end time: Sep 07 21:41 GMT Daylight Time
"bitslice_lm_avx2" time elapsed: 00:00:00
----------------------------------------------------------

82/97 Testing: v9_bitslice_counter_avx2
82/97 Test: v9_bitslice_counter_avx2
Command: "C:/work/research/gitlab/passwords/lmcrack/build-avx2/v9_bitslice_counter_avx2_test.exe"
Directory: C:/work/research/gitlab/passwords/lmcrack/build-avx2
"v9_bitslice_counter_avx2" start time: Sep 07 21:41 GMT Daylight Time
Output:
----------------------------------------------------------
<end of output>
Test time =   0.02 sec
----------------------------------------------------------
Test Passed.
"v9_bitslice_counter_avx2" end time: Sep 07 21:41 GMT Daylight Time
"v9_bitslice_counter_avx2" time elapsed: 00:00:00
----------------------------------------------------------

83/97 Testing: v9_key_planes_avx2
83/97 Test: v9_key_planes_avx2
Command: "C:/work/research/gitlab/passwords/lmcrack/build-avx2/v9_key_planes_avx2_test.exe"
Directory: C:/work/research/gitlab/passwords/lmcrack/build-avx2
"v9_key_planes_avx2" start time: Sep 07 21:41 GMT Daylight Time
Output:
----------------------------------------------------------
<end of output>
Test time =   0.02 sec
----------------------------------------------------------
Test Passed.
"v9_key_planes_avx2" end time: Sep 07 21:41 GMT Daylight Time
"v9_key_planes_avx2" time elapsed: 00:00:00
----------------------------------------------------------

84/97 Testing: v9_generator_diff_avx2
84/97 Test: v9_generator_diff_avx2
Command: "C:/work/research/gitlab/passwords/lmcrack/build-avx2/v9_generator_diff_avx2_test.exe"
Directory: C:/work/research/gitlab/passwords/lmcrack/build-avx2
"v9_generator_diff_avx2" start time: Sep 07 21:41 GMT Daylight Time
Output:
----------------------------------------------------------
<end of output>
Test time =   0.02 sec
----------------------------------------------------------
Test Passed.
"v9_generator_diff_avx2" end time: Sep 07 21:41 GMT Daylight Time
"v9_generator_diff_avx2" time elapsed: 00:00:00
----------------------------------------------------------

85/97 Testing: v9_worker_avx2
85/97 Test: v9_worker_avx2
Command: "C:/work/research/gitlab/passwords/lmcrack/build-avx2/v9_worker_avx2_test.exe"
Directory: C:/work/research/gitlab/passwords/lmcrack/build-avx2
"v9_worker_avx2" start time: Sep 07 21:41 GMT Daylight Time
Output:
----------------------------------------------------------
<end of output>
Test time =   0.01 sec
----------------------------------------------------------
Test Passed.
"v9_worker_avx2" end time: Sep 07 21:41 GMT Daylight Time
"v9_worker_avx2" time elapsed: 00:00:00
----------------------------------------------------------

86/97 Testing: v11_generator_avx2
86/97 Test: v11_generator_avx2
Command: "C:/work/research/gitlab/passwords/lmcrack/build-avx2/v11_generator_avx2_test.exe"
Directory: C:/work/research/gitlab/passwords/lmcrack/build-avx2
"v11_generator_avx2" start time: Sep 07 21:41 GMT Daylight Time
Output:
----------------------------------------------------------
<end of output>
Test time =   0.01 sec
----------------------------------------------------------
Test Passed.
"v11_generator_avx2" end time: Sep 07 21:41 GMT Daylight Time
"v11_generator_avx2" time elapsed: 00:00:00
----------------------------------------------------------

87/97 Testing: v11_worker_avx2
87/97 Test: v11_worker_avx2
Command: "C:/work/research/gitlab/passwords/lmcrack/build-avx2/v11_worker_avx2_test.exe"
Directory: C:/work/research/gitlab/passwords/lmcrack/build-avx2
"v11_worker_avx2" start time: Sep 07 21:41 GMT Daylight Time
Output:
----------------------------------------------------------
<end of output>
Test time =   0.01 sec
----------------------------------------------------------
Test Passed.
"v11_worker_avx2" end time: Sep 07 21:41 GMT Daylight Time
"v11_worker_avx2" time elapsed: 00:00:00
----------------------------------------------------------

88/97 Testing: v8_generator_diff_avx2
88/97 Test: v8_generator_diff_avx2
Command: "C:/work/research/gitlab/passwords/lmcrack/build-avx2/v8_generator_diff_avx2_test.exe"
Directory: C:/work/research/gitlab/passwords/lmcrack/build-avx2
"v8_generator_diff_avx2" start time: Sep 07 21:41 GMT Daylight Time
Output:
----------------------------------------------------------
<end of output>
Test time =   0.02 sec
----------------------------------------------------------
Test Passed.
"v8_generator_diff_avx2" end time: Sep 07 21:41 GMT Daylight Time
"v8_generator_diff_avx2" time elapsed: 00:00:00
----------------------------------------------------------

89/97 Testing: v8_target_avx2
89/97 Test: v8_target_avx2
Command: "C:/work/research/gitlab/passwords/lmcrack/build-avx2/v8_target_avx2_test.exe"
Directory: C:/work/research/gitlab/passwords/lmcrack/build-avx2
"v8_target_avx2" start time: Sep 07 21:41 GMT Daylight Time
Output:
----------------------------------------------------------
<end of output>
Test time =   0.01 sec
----------------------------------------------------------
Test Passed.
"v8_target_avx2" end time: Sep 07 21:41 GMT Daylight Time
"v8_target_avx2" time elapsed: 00:00:00
----------------------------------------------------------

90/97 Testing: v8_worker_avx2
90/97 Test: v8_worker_avx2
Command: "C:/work/research/gitlab/passwords/lmcrack/build-avx2/v8_worker_avx2_test.exe"
Directory: C:/work/research/gitlab/passwords/lmcrack/build-avx2
"v8_worker_avx2" start time: Sep 07 21:41 GMT Daylight Time
Output:
----------------------------------------------------------
<end of output>
Test time =   0.01 sec
----------------------------------------------------------
Test Passed.
"v8_worker_avx2" end time: Sep 07 21:41 GMT Daylight Time
"v8_worker_avx2" time elapsed: 00:00:00
----------------------------------------------------------

91/97 Testing: destool_bitslice_counter_avx2
91/97 Test: destool_bitslice_counter_avx2
Command: "C:/work/research/gitlab/passwords/lmcrack/build-avx2/destool_bitslice_counter_avx2_test.exe"
Directory: C:/work/research/gitlab/passwords/lmcrack/build-avx2
"destool_bitslice_counter_avx2" start time: Sep 07 21:41 GMT Daylight Time
Output:
----------------------------------------------------------
<end of output>
Test time =   0.03 sec
----------------------------------------------------------
Test Passed.
"destool_bitslice_counter_avx2" end time: Sep 07 21:41 GMT Daylight Time
"destool_bitslice_counter_avx2" time elapsed: 00:00:00
----------------------------------------------------------

92/97 Testing: destool_key_planes_avx2
92/97 Test: destool_key_planes_avx2
Command: "C:/work/research/gitlab/passwords/lmcrack/build-avx2/destool_key_planes_avx2_test.exe"
Directory: C:/work/research/gitlab/passwords/lmcrack/build-avx2
"destool_key_planes_avx2" start time: Sep 07 21:41 GMT Daylight Time
Output:
----------------------------------------------------------
<end of output>
Test time =   0.03 sec
----------------------------------------------------------
Test Passed.
"destool_key_planes_avx2" end time: Sep 07 21:41 GMT Daylight Time
"destool_key_planes_avx2" time elapsed: 00:00:00
----------------------------------------------------------

93/97 Testing: destool_generator_diff_avx2
93/97 Test: destool_generator_diff_avx2
Command: "C:/work/research/gitlab/passwords/lmcrack/build-avx2/destool_generator_diff_avx2_test.exe"
Directory: C:/work/research/gitlab/passwords/lmcrack/build-avx2
"destool_generator_diff_avx2" start time: Sep 07 21:41 GMT Daylight Time
Output:
----------------------------------------------------------
<end of output>
Test time =   0.03 sec
----------------------------------------------------------
Test Passed.
"destool_generator_diff_avx2" end time: Sep 07 21:41 GMT Daylight Time
"destool_generator_diff_avx2" time elapsed: 00:00:00
----------------------------------------------------------

94/97 Testing: destool_worker_avx2
94/97 Test: destool_worker_avx2
Command: "C:/work/research/gitlab/passwords/lmcrack/build-avx2/destool_worker_avx2_test.exe"
Directory: C:/work/research/gitlab/passwords/lmcrack/build-avx2
"destool_worker_avx2" start time: Sep 07 21:41 GMT Daylight Time
Output:
----------------------------------------------------------
<end of output>
Test time =   0.02 sec
----------------------------------------------------------
Test Passed.
"destool_worker_avx2" end time: Sep 07 21:41 GMT Daylight Time
"destool_worker_avx2" time elapsed: 00:00:00
----------------------------------------------------------

95/97 Testing: destool_recovery_avx2
95/97 Test: destool_recovery_avx2
Command: "C:/work/research/gitlab/passwords/lmcrack/build-avx2/destool_recovery_avx2_test.exe"
Directory: C:/work/research/gitlab/passwords/lmcrack/build-avx2
"destool_recovery_avx2" start time: Sep 07 21:41 GMT Daylight Time
Output:
----------------------------------------------------------
<end of output>
Test time =   0.03 sec
----------------------------------------------------------
Test Passed.
"destool_recovery_avx2" end time: Sep 07 21:41 GMT Daylight Time
"destool_recovery_avx2" time elapsed: 00:00:00
----------------------------------------------------------

96/97 Testing: destool_random_diff_avx2
96/97 Test: destool_random_diff_avx2
Command: "C:/work/research/gitlab/passwords/lmcrack/build-avx2/destool_random_diff_avx2_test.exe"
Directory: C:/work/research/gitlab/passwords/lmcrack/build-avx2
"destool_random_diff_avx2" start time: Sep 07 21:41 GMT Daylight Time
Output:
----------------------------------------------------------
<end of output>
Test time =   0.03 sec
----------------------------------------------------------
Test Passed.
"destool_random_diff_avx2" end time: Sep 07 21:41 GMT Daylight Time
"destool_random_diff_avx2" time elapsed: 00:00:00
----------------------------------------------------------

97/97 Testing: bitslice_target_avx2
97/97 Test: bitslice_target_avx2
Command: "C:/work/research/gitlab/passwords/lmcrack/build-avx2/bitslice_target_avx2_test.exe"
Directory: C:/work/research/gitlab/passwords/lmcrack/build-avx2
"bitslice_target_avx2" start time: Sep 07 21:41 GMT Daylight Time
Output:
----------------------------------------------------------
<end of output>
Test time =   0.02 sec
----------------------------------------------------------
Test Passed.
"bitslice_target_avx2" end time: Sep 07 21:41 GMT Daylight Time
"bitslice_target_avx2" time elapsed: 00:00:00
----------------------------------------------------------

End testing: Sep 07 21:41 GMT Daylight Time
